INFO - 2024-11-12 16:21:09 --> Session: Class initialized using 'CodeIgniter\Session\Handlers\FileHandler' driver.
WARNING - 2024-11-12 16:21:09 --> [DEPRECATED] Optional parameter $field declared before required parameter $toRemove is implicitly treated as a required parameter in APPPATH\Models\Gear_Product_Model.php on line 57.
 1 SYSTEMPATH\Autoloader\Autoloader.php(317): include_once('C:\\xampp\\htdocs\\INM_Audio\\system\\Debug\\Exceptions.php')
 2 SYSTEMPATH\Autoloader\Autoloader.php(296): CodeIgniter\Autoloader\Autoloader->includeFile('C:\\xampp\\htdocs\\INM_Audio\\app\\Models\\Gear_Product_Model.php')
 3 SYSTEMPATH\Autoloader\Autoloader.php(272): CodeIgniter\Autoloader\Autoloader->loadInNamespace('App\\Models\\Gear_Product_Model')
 4 APPPATH\Controllers\Helpers\LoadersController.php(135): CodeIgniter\Autoloader\Autoloader->loadClass('App\\Models\\Gear_Product_Model')
 5 APPPATH\Controllers\Helpers\LoadersController.php(59): App\Controllers\Helpers\LoadersController->loadGears()
 6 APPPATH\Controllers\HomeController.php(24): App\Controllers\Helpers\LoadersController->requireMethod('gears')
 7 APPPATH\Controllers\HomeController.php(17): App\Controllers\HomeController->renderView('homepage', false)
 8 APPPATH\Controllers\HomeController.php(48): App\Controllers\HomeController->checkSessionThenRedirect('homepage')
 9 SYSTEMPATH\CodeIgniter.php(933): App\Controllers\HomeController->home()
10 SYSTEMPATH\CodeIgniter.php(509): CodeIgniter\CodeIgniter->runController(Object(App\Controllers\HomeController))
11 SYSTEMPATH\CodeIgniter.php(355): CodeIgniter\CodeIgniter->handleRequest(null, Object(Config\Cache), false)
12 SYSTEMPATH\Boot.php(325): CodeIgniter\CodeIgniter->run()
13 SYSTEMPATH\Boot.php(67): CodeIgniter\Boot::runCodeIgniter(Object(CodeIgniter\CodeIgniter))
14 FCPATH\index.php(56): CodeIgniter\Boot::bootWeb(Object(Config\Paths))
INFO - 2024-11-12 16:40:30 --> Session: Class initialized using 'CodeIgniter\Session\Handlers\FileHandler' driver.
WARNING - 2024-11-12 16:40:30 --> [DEPRECATED] Optional parameter $field declared before required parameter $toRemove is implicitly treated as a required parameter in APPPATH\Models\Gear_Product_Model.php on line 57.
 1 SYSTEMPATH\Autoloader\Autoloader.php(317): include_once('C:\\xampp\\htdocs\\INM_Audio\\system\\Debug\\Exceptions.php')
 2 SYSTEMPATH\Autoloader\Autoloader.php(296): CodeIgniter\Autoloader\Autoloader->includeFile('C:\\xampp\\htdocs\\INM_Audio\\app\\Models\\Gear_Product_Model.php')
 3 SYSTEMPATH\Autoloader\Autoloader.php(272): CodeIgniter\Autoloader\Autoloader->loadInNamespace('App\\Models\\Gear_Product_Model')
 4 APPPATH\Controllers\Helpers\LoadersController.php(135): CodeIgniter\Autoloader\Autoloader->loadClass('App\\Models\\Gear_Product_Model')
 5 APPPATH\Controllers\Helpers\LoadersController.php(59): App\Controllers\Helpers\LoadersController->loadGears()
 6 APPPATH\Controllers\HomeController.php(24): App\Controllers\Helpers\LoadersController->requireMethod('gears')
 7 APPPATH\Controllers\HomeController.php(17): App\Controllers\HomeController->renderView('homepage', false)
 8 APPPATH\Controllers\HomeController.php(48): App\Controllers\HomeController->checkSessionThenRedirect('homepage')
 9 SYSTEMPATH\CodeIgniter.php(933): App\Controllers\HomeController->home()
10 SYSTEMPATH\CodeIgniter.php(509): CodeIgniter\CodeIgniter->runController(Object(App\Controllers\HomeController))
11 SYSTEMPATH\CodeIgniter.php(355): CodeIgniter\CodeIgniter->handleRequest(null, Object(Config\Cache), false)
12 SYSTEMPATH\Boot.php(325): CodeIgniter\CodeIgniter->run()
13 SYSTEMPATH\Boot.php(67): CodeIgniter\Boot::runCodeIgniter(Object(CodeIgniter\CodeIgniter))
14 FCPATH\index.php(56): CodeIgniter\Boot::bootWeb(Object(Config\Paths))
INFO - 2024-11-12 16:41:25 --> Session: Class initialized using 'CodeIgniter\Session\Handlers\FileHandler' driver.
WARNING - 2024-11-12 16:41:25 --> [DEPRECATED] Optional parameter $field declared before required parameter $toRemove is implicitly treated as a required parameter in APPPATH\Models\Gear_Product_Model.php on line 57.
 1 SYSTEMPATH\Autoloader\Autoloader.php(317): include_once('C:\\xampp\\htdocs\\INM_Audio\\system\\Debug\\Exceptions.php')
 2 SYSTEMPATH\Autoloader\Autoloader.php(296): CodeIgniter\Autoloader\Autoloader->includeFile('C:\\xampp\\htdocs\\INM_Audio\\app\\Models\\Gear_Product_Model.php')
 3 SYSTEMPATH\Autoloader\Autoloader.php(272): CodeIgniter\Autoloader\Autoloader->loadInNamespace('App\\Models\\Gear_Product_Model')
 4 APPPATH\Controllers\Helpers\LoadersController.php(135): CodeIgniter\Autoloader\Autoloader->loadClass('App\\Models\\Gear_Product_Model')
 5 APPPATH\Controllers\Helpers\LoadersController.php(59): App\Controllers\Helpers\LoadersController->loadGears()
 6 APPPATH\Controllers\HomeController.php(24): App\Controllers\Helpers\LoadersController->requireMethod('gears')
 7 APPPATH\Controllers\HomeController.php(17): App\Controllers\HomeController->renderView('homepage', false)
 8 APPPATH\Controllers\HomeController.php(48): App\Controllers\HomeController->checkSessionThenRedirect('homepage')
 9 SYSTEMPATH\CodeIgniter.php(933): App\Controllers\HomeController->home()
10 SYSTEMPATH\CodeIgniter.php(509): CodeIgniter\CodeIgniter->runController(Object(App\Controllers\HomeController))
11 SYSTEMPATH\CodeIgniter.php(355): CodeIgniter\CodeIgniter->handleRequest(null, Object(Config\Cache), false)
12 SYSTEMPATH\Boot.php(325): CodeIgniter\CodeIgniter->run()
13 SYSTEMPATH\Boot.php(67): CodeIgniter\Boot::runCodeIgniter(Object(CodeIgniter\CodeIgniter))
14 FCPATH\index.php(56): CodeIgniter\Boot::bootWeb(Object(Config\Paths))
INFO - 2024-11-12 16:41:28 --> Session: Class initialized using 'CodeIgniter\Session\Handlers\FileHandler' driver.
WARNING - 2024-11-12 16:41:28 --> [DEPRECATED] Optional parameter $field declared before required parameter $toRemove is implicitly treated as a required parameter in APPPATH\Models\Gear_Product_Model.php on line 57.
 1 SYSTEMPATH\Autoloader\Autoloader.php(317): include_once('C:\\xampp\\htdocs\\INM_Audio\\system\\Debug\\Exceptions.php')
 2 SYSTEMPATH\Autoloader\Autoloader.php(296): CodeIgniter\Autoloader\Autoloader->includeFile('C:\\xampp\\htdocs\\INM_Audio\\app\\Models\\Gear_Product_Model.php')
 3 SYSTEMPATH\Autoloader\Autoloader.php(272): CodeIgniter\Autoloader\Autoloader->loadInNamespace('App\\Models\\Gear_Product_Model')
 4 APPPATH\Controllers\Helpers\LoadersController.php(135): CodeIgniter\Autoloader\Autoloader->loadClass('App\\Models\\Gear_Product_Model')
 5 APPPATH\Controllers\Helpers\LoadersController.php(59): App\Controllers\Helpers\LoadersController->loadGears()
 6 APPPATH\Controllers\HomeController.php(24): App\Controllers\Helpers\LoadersController->requireMethod('gears')
 7 APPPATH\Controllers\HomeController.php(17): App\Controllers\HomeController->renderView('homepage', false)
 8 APPPATH\Controllers\HomeController.php(48): App\Controllers\HomeController->checkSessionThenRedirect('homepage')
 9 SYSTEMPATH\CodeIgniter.php(933): App\Controllers\HomeController->home()
10 SYSTEMPATH\CodeIgniter.php(509): CodeIgniter\CodeIgniter->runController(Object(App\Controllers\HomeController))
11 SYSTEMPATH\CodeIgniter.php(355): CodeIgniter\CodeIgniter->handleRequest(null, Object(Config\Cache), false)
12 SYSTEMPATH\Boot.php(325): CodeIgniter\CodeIgniter->run()
13 SYSTEMPATH\Boot.php(67): CodeIgniter\Boot::runCodeIgniter(Object(CodeIgniter\CodeIgniter))
14 FCPATH\index.php(56): CodeIgniter\Boot::bootWeb(Object(Config\Paths))
INFO - 2024-11-12 16:41:30 --> Session: Class initialized using 'CodeIgniter\Session\Handlers\FileHandler' driver.
WARNING - 2024-11-12 16:41:30 --> [DEPRECATED] Optional parameter $field declared before required parameter $toRemove is implicitly treated as a required parameter in APPPATH\Models\Gear_Product_Model.php on line 57.
 1 SYSTEMPATH\Autoloader\Autoloader.php(317): include_once('C:\\xampp\\htdocs\\INM_Audio\\system\\Debug\\Exceptions.php')
 2 SYSTEMPATH\Autoloader\Autoloader.php(296): CodeIgniter\Autoloader\Autoloader->includeFile('C:\\xampp\\htdocs\\INM_Audio\\app\\Models\\Gear_Product_Model.php')
 3 SYSTEMPATH\Autoloader\Autoloader.php(272): CodeIgniter\Autoloader\Autoloader->loadInNamespace('App\\Models\\Gear_Product_Model')
 4 APPPATH\Controllers\Helpers\LoadersController.php(135): CodeIgniter\Autoloader\Autoloader->loadClass('App\\Models\\Gear_Product_Model')
 5 APPPATH\Controllers\Helpers\LoadersController.php(59): App\Controllers\Helpers\LoadersController->loadGears()
 6 APPPATH\Controllers\HomeController.php(24): App\Controllers\Helpers\LoadersController->requireMethod('gears')
 7 APPPATH\Controllers\HomeController.php(17): App\Controllers\HomeController->renderView('homepage', false)
 8 APPPATH\Controllers\HomeController.php(48): App\Controllers\HomeController->checkSessionThenRedirect('homepage')
 9 SYSTEMPATH\CodeIgniter.php(933): App\Controllers\HomeController->home()
10 SYSTEMPATH\CodeIgniter.php(509): CodeIgniter\CodeIgniter->runController(Object(App\Controllers\HomeController))
11 SYSTEMPATH\CodeIgniter.php(355): CodeIgniter\CodeIgniter->handleRequest(null, Object(Config\Cache), false)
12 SYSTEMPATH\Boot.php(325): CodeIgniter\CodeIgniter->run()
13 SYSTEMPATH\Boot.php(67): CodeIgniter\Boot::runCodeIgniter(Object(CodeIgniter\CodeIgniter))
14 FCPATH\index.php(56): CodeIgniter\Boot::bootWeb(Object(Config\Paths))
INFO - 2024-11-12 16:42:13 --> Session: Class initialized using 'CodeIgniter\Session\Handlers\FileHandler' driver.
WARNING - 2024-11-12 16:42:13 --> [DEPRECATED] Optional parameter $field declared before required parameter $toRemove is implicitly treated as a required parameter in APPPATH\Models\Gear_Product_Model.php on line 57.
 1 SYSTEMPATH\Autoloader\Autoloader.php(317): include_once('C:\\xampp\\htdocs\\INM_Audio\\system\\Debug\\Exceptions.php')
 2 SYSTEMPATH\Autoloader\Autoloader.php(296): CodeIgniter\Autoloader\Autoloader->includeFile('C:\\xampp\\htdocs\\INM_Audio\\app\\Models\\Gear_Product_Model.php')
 3 SYSTEMPATH\Autoloader\Autoloader.php(272): CodeIgniter\Autoloader\Autoloader->loadInNamespace('App\\Models\\Gear_Product_Model')
 4 APPPATH\Controllers\Helpers\LoadersController.php(135): CodeIgniter\Autoloader\Autoloader->loadClass('App\\Models\\Gear_Product_Model')
 5 APPPATH\Controllers\Helpers\LoadersController.php(59): App\Controllers\Helpers\LoadersController->loadGears()
 6 APPPATH\Controllers\HomeController.php(24): App\Controllers\Helpers\LoadersController->requireMethod('gears')
 7 APPPATH\Controllers\HomeController.php(17): App\Controllers\HomeController->renderView('homepage', false)
 8 APPPATH\Controllers\HomeController.php(48): App\Controllers\HomeController->checkSessionThenRedirect('homepage')
 9 SYSTEMPATH\CodeIgniter.php(933): App\Controllers\HomeController->home()
10 SYSTEMPATH\CodeIgniter.php(509): CodeIgniter\CodeIgniter->runController(Object(App\Controllers\HomeController))
11 SYSTEMPATH\CodeIgniter.php(355): CodeIgniter\CodeIgniter->handleRequest(null, Object(Config\Cache), false)
12 SYSTEMPATH\Boot.php(325): CodeIgniter\CodeIgniter->run()
13 SYSTEMPATH\Boot.php(67): CodeIgniter\Boot::runCodeIgniter(Object(CodeIgniter\CodeIgniter))
14 FCPATH\index.php(56): CodeIgniter\Boot::bootWeb(Object(Config\Paths))
INFO - 2024-11-12 16:42:18 --> Session: Class initialized using 'CodeIgniter\Session\Handlers\FileHandler' driver.
WARNING - 2024-11-12 16:42:18 --> [DEPRECATED] Optional parameter $field declared before required parameter $toRemove is implicitly treated as a required parameter in APPPATH\Models\Gear_Product_Model.php on line 57.
 1 SYSTEMPATH\Autoloader\Autoloader.php(317): include_once('C:\\xampp\\htdocs\\INM_Audio\\system\\Debug\\Exceptions.php')
 2 SYSTEMPATH\Autoloader\Autoloader.php(296): CodeIgniter\Autoloader\Autoloader->includeFile('C:\\xampp\\htdocs\\INM_Audio\\app\\Models\\Gear_Product_Model.php')
 3 SYSTEMPATH\Autoloader\Autoloader.php(272): CodeIgniter\Autoloader\Autoloader->loadInNamespace('App\\Models\\Gear_Product_Model')
 4 APPPATH\Controllers\Helpers\LoadersController.php(135): CodeIgniter\Autoloader\Autoloader->loadClass('App\\Models\\Gear_Product_Model')
 5 APPPATH\Controllers\Helpers\LoadersController.php(59): App\Controllers\Helpers\LoadersController->loadGears()
 6 APPPATH\Controllers\HomeController.php(24): App\Controllers\Helpers\LoadersController->requireMethod('gears')
 7 APPPATH\Controllers\HomeController.php(17): App\Controllers\HomeController->renderView('homepage', false)
 8 APPPATH\Controllers\HomeController.php(48): App\Controllers\HomeController->checkSessionThenRedirect('homepage')
 9 SYSTEMPATH\CodeIgniter.php(933): App\Controllers\HomeController->home()
10 SYSTEMPATH\CodeIgniter.php(509): CodeIgniter\CodeIgniter->runController(Object(App\Controllers\HomeController))
11 SYSTEMPATH\CodeIgniter.php(355): CodeIgniter\CodeIgniter->handleRequest(null, Object(Config\Cache), false)
12 SYSTEMPATH\Boot.php(325): CodeIgniter\CodeIgniter->run()
13 SYSTEMPATH\Boot.php(67): CodeIgniter\Boot::runCodeIgniter(Object(CodeIgniter\CodeIgniter))
14 FCPATH\index.php(56): CodeIgniter\Boot::bootWeb(Object(Config\Paths))
INFO - 2024-11-12 16:42:58 --> Session: Class initialized using 'CodeIgniter\Session\Handlers\FileHandler' driver.
WARNING - 2024-11-12 16:42:58 --> [DEPRECATED] Optional parameter $field declared before required parameter $toRemove is implicitly treated as a required parameter in APPPATH\Models\Gear_Product_Model.php on line 57.
 1 SYSTEMPATH\Autoloader\Autoloader.php(317): include_once('C:\\xampp\\htdocs\\INM_Audio\\system\\Debug\\Exceptions.php')
 2 SYSTEMPATH\Autoloader\Autoloader.php(296): CodeIgniter\Autoloader\Autoloader->includeFile('C:\\xampp\\htdocs\\INM_Audio\\app\\Models\\Gear_Product_Model.php')
 3 SYSTEMPATH\Autoloader\Autoloader.php(272): CodeIgniter\Autoloader\Autoloader->loadInNamespace('App\\Models\\Gear_Product_Model')
 4 APPPATH\Controllers\Helpers\LoadersController.php(135): CodeIgniter\Autoloader\Autoloader->loadClass('App\\Models\\Gear_Product_Model')
 5 APPPATH\Controllers\Helpers\LoadersController.php(59): App\Controllers\Helpers\LoadersController->loadGears()
 6 APPPATH\Controllers\HomeController.php(24): App\Controllers\Helpers\LoadersController->requireMethod('gears')
 7 APPPATH\Controllers\HomeController.php(17): App\Controllers\HomeController->renderView('homepage', false)
 8 APPPATH\Controllers\HomeController.php(48): App\Controllers\HomeController->checkSessionThenRedirect('homepage')
 9 SYSTEMPATH\CodeIgniter.php(933): App\Controllers\HomeController->home()
10 SYSTEMPATH\CodeIgniter.php(509): CodeIgniter\CodeIgniter->runController(Object(App\Controllers\HomeController))
11 SYSTEMPATH\CodeIgniter.php(355): CodeIgniter\CodeIgniter->handleRequest(null, Object(Config\Cache), false)
12 SYSTEMPATH\Boot.php(325): CodeIgniter\CodeIgniter->run()
13 SYSTEMPATH\Boot.php(67): CodeIgniter\Boot::runCodeIgniter(Object(CodeIgniter\CodeIgniter))
14 FCPATH\index.php(56): CodeIgniter\Boot::bootWeb(Object(Config\Paths))
INFO - 2024-11-12 16:43:36 --> Session: Class initialized using 'CodeIgniter\Session\Handlers\FileHandler' driver.
WARNING - 2024-11-12 16:43:36 --> [DEPRECATED] Optional parameter $field declared before required parameter $toRemove is implicitly treated as a required parameter in APPPATH\Models\Gear_Product_Model.php on line 57.
 1 SYSTEMPATH\Autoloader\Autoloader.php(317): include_once('C:\\xampp\\htdocs\\INM_Audio\\system\\Debug\\Exceptions.php')
 2 SYSTEMPATH\Autoloader\Autoloader.php(296): CodeIgniter\Autoloader\Autoloader->includeFile('C:\\xampp\\htdocs\\INM_Audio\\app\\Models\\Gear_Product_Model.php')
 3 SYSTEMPATH\Autoloader\Autoloader.php(272): CodeIgniter\Autoloader\Autoloader->loadInNamespace('App\\Models\\Gear_Product_Model')
 4 APPPATH\Controllers\Helpers\LoadersController.php(135): CodeIgniter\Autoloader\Autoloader->loadClass('App\\Models\\Gear_Product_Model')
 5 APPPATH\Controllers\Helpers\LoadersController.php(59): App\Controllers\Helpers\LoadersController->loadGears()
 6 APPPATH\Controllers\HomeController.php(24): App\Controllers\Helpers\LoadersController->requireMethod('gears')
 7 APPPATH\Controllers\HomeController.php(17): App\Controllers\HomeController->renderView('homepage', false)
 8 APPPATH\Controllers\HomeController.php(48): App\Controllers\HomeController->checkSessionThenRedirect('homepage')
 9 SYSTEMPATH\CodeIgniter.php(933): App\Controllers\HomeController->home()
10 SYSTEMPATH\CodeIgniter.php(509): CodeIgniter\CodeIgniter->runController(Object(App\Controllers\HomeController))
11 SYSTEMPATH\CodeIgniter.php(355): CodeIgniter\CodeIgniter->handleRequest(null, Object(Config\Cache), false)
12 SYSTEMPATH\Boot.php(325): CodeIgniter\CodeIgniter->run()
13 SYSTEMPATH\Boot.php(67): CodeIgniter\Boot::runCodeIgniter(Object(CodeIgniter\CodeIgniter))
14 FCPATH\index.php(56): CodeIgniter\Boot::bootWeb(Object(Config\Paths))
INFO - 2024-11-12 16:56:24 --> Session: Class initialized using 'CodeIgniter\Session\Handlers\FileHandler' driver.
WARNING - 2024-11-12 16:56:24 --> [DEPRECATED] Optional parameter $field declared before required parameter $toRemove is implicitly treated as a required parameter in APPPATH\Models\Gear_Product_Model.php on line 57.
 1 SYSTEMPATH\Autoloader\Autoloader.php(317): include_once('C:\\xampp\\htdocs\\INM_Audio\\system\\Debug\\Exceptions.php')
 2 SYSTEMPATH\Autoloader\Autoloader.php(296): CodeIgniter\Autoloader\Autoloader->includeFile('C:\\xampp\\htdocs\\INM_Audio\\app\\Models\\Gear_Product_Model.php')
 3 SYSTEMPATH\Autoloader\Autoloader.php(272): CodeIgniter\Autoloader\Autoloader->loadInNamespace('App\\Models\\Gear_Product_Model')
 4 APPPATH\Controllers\Helpers\LoadersController.php(135): CodeIgniter\Autoloader\Autoloader->loadClass('App\\Models\\Gear_Product_Model')
 5 APPPATH\Controllers\Helpers\LoadersController.php(59): App\Controllers\Helpers\LoadersController->loadGears()
 6 APPPATH\Controllers\HomeController.php(24): App\Controllers\Helpers\LoadersController->requireMethod('gears')
 7 APPPATH\Controllers\HomeController.php(17): App\Controllers\HomeController->renderView('homepage', false)
 8 APPPATH\Controllers\HomeController.php(48): App\Controllers\HomeController->checkSessionThenRedirect('homepage')
 9 SYSTEMPATH\CodeIgniter.php(933): App\Controllers\HomeController->home()
10 SYSTEMPATH\CodeIgniter.php(509): CodeIgniter\CodeIgniter->runController(Object(App\Controllers\HomeController))
11 SYSTEMPATH\CodeIgniter.php(355): CodeIgniter\CodeIgniter->handleRequest(null, Object(Config\Cache), false)
12 SYSTEMPATH\Boot.php(325): CodeIgniter\CodeIgniter->run()
13 SYSTEMPATH\Boot.php(67): CodeIgniter\Boot::runCodeIgniter(Object(CodeIgniter\CodeIgniter))
14 FCPATH\index.php(56): CodeIgniter\Boot::bootWeb(Object(Config\Paths))
INFO - 2024-11-12 16:56:24 --> Session: Class initialized using 'CodeIgniter\Session\Handlers\FileHandler' driver.
WARNING - 2024-11-12 16:56:24 --> [DEPRECATED] Optional parameter $field declared before required parameter $toRemove is implicitly treated as a required parameter in APPPATH\Models\Gear_Product_Model.php on line 57.
 1 SYSTEMPATH\Autoloader\Autoloader.php(317): include_once('C:\\xampp\\htdocs\\INM_Audio\\system\\Debug\\Exceptions.php')
 2 SYSTEMPATH\Autoloader\Autoloader.php(296): CodeIgniter\Autoloader\Autoloader->includeFile('C:\\xampp\\htdocs\\INM_Audio\\app\\Models\\Gear_Product_Model.php')
 3 SYSTEMPATH\Autoloader\Autoloader.php(272): CodeIgniter\Autoloader\Autoloader->loadInNamespace('App\\Models\\Gear_Product_Model')
 4 APPPATH\Controllers\Helpers\LoadersController.php(135): CodeIgniter\Autoloader\Autoloader->loadClass('App\\Models\\Gear_Product_Model')
 5 APPPATH\Controllers\Helpers\LoadersController.php(59): App\Controllers\Helpers\LoadersController->loadGears()
 6 APPPATH\Controllers\HomeController.php(24): App\Controllers\Helpers\LoadersController->requireMethod('gears')
 7 APPPATH\Controllers\HomeController.php(17): App\Controllers\HomeController->renderView('homepage', false)
 8 APPPATH\Controllers\HomeController.php(48): App\Controllers\HomeController->checkSessionThenRedirect('homepage')
 9 SYSTEMPATH\CodeIgniter.php(933): App\Controllers\HomeController->home()
10 SYSTEMPATH\CodeIgniter.php(509): CodeIgniter\CodeIgniter->runController(Object(App\Controllers\HomeController))
11 SYSTEMPATH\CodeIgniter.php(355): CodeIgniter\CodeIgniter->handleRequest(null, Object(Config\Cache), false)
12 SYSTEMPATH\Boot.php(325): CodeIgniter\CodeIgniter->run()
13 SYSTEMPATH\Boot.php(67): CodeIgniter\Boot::runCodeIgniter(Object(CodeIgniter\CodeIgniter))
14 FCPATH\index.php(56): CodeIgniter\Boot::bootWeb(Object(Config\Paths))
INFO - 2024-11-12 16:56:30 --> Session: Class initialized using 'CodeIgniter\Session\Handlers\FileHandler' driver.
WARNING - 2024-11-12 16:56:30 --> [DEPRECATED] Optional parameter $field declared before required parameter $toRemove is implicitly treated as a required parameter in APPPATH\Models\Gear_Product_Model.php on line 57.
 1 SYSTEMPATH\Autoloader\Autoloader.php(317): include_once('C:\\xampp\\htdocs\\INM_Audio\\system\\Debug\\Exceptions.php')
 2 SYSTEMPATH\Autoloader\Autoloader.php(296): CodeIgniter\Autoloader\Autoloader->includeFile('C:\\xampp\\htdocs\\INM_Audio\\app\\Models\\Gear_Product_Model.php')
 3 SYSTEMPATH\Autoloader\Autoloader.php(272): CodeIgniter\Autoloader\Autoloader->loadInNamespace('App\\Models\\Gear_Product_Model')
 4 APPPATH\Controllers\Helpers\LoadersController.php(135): CodeIgniter\Autoloader\Autoloader->loadClass('App\\Models\\Gear_Product_Model')
 5 APPPATH\Controllers\Helpers\LoadersController.php(59): App\Controllers\Helpers\LoadersController->loadGears()
 6 APPPATH\Controllers\HomeController.php(24): App\Controllers\Helpers\LoadersController->requireMethod('gears')
 7 APPPATH\Controllers\HomeController.php(17): App\Controllers\HomeController->renderView('homepage', false)
 8 APPPATH\Controllers\HomeController.php(48): App\Controllers\HomeController->checkSessionThenRedirect('homepage')
 9 SYSTEMPATH\CodeIgniter.php(933): App\Controllers\HomeController->home()
10 SYSTEMPATH\CodeIgniter.php(509): CodeIgniter\CodeIgniter->runController(Object(App\Controllers\HomeController))
11 SYSTEMPATH\CodeIgniter.php(355): CodeIgniter\CodeIgniter->handleRequest(null, Object(Config\Cache), false)
12 SYSTEMPATH\Boot.php(325): CodeIgniter\CodeIgniter->run()
13 SYSTEMPATH\Boot.php(67): CodeIgniter\Boot::runCodeIgniter(Object(CodeIgniter\CodeIgniter))
14 FCPATH\index.php(56): CodeIgniter\Boot::bootWeb(Object(Config\Paths))
INFO - 2024-11-12 16:56:31 --> Session: Class initialized using 'CodeIgniter\Session\Handlers\FileHandler' driver.
WARNING - 2024-11-12 16:56:31 --> [DEPRECATED] Optional parameter $field declared before required parameter $toRemove is implicitly treated as a required parameter in APPPATH\Models\Gear_Product_Model.php on line 57.
 1 SYSTEMPATH\Autoloader\Autoloader.php(317): include_once('C:\\xampp\\htdocs\\INM_Audio\\system\\Debug\\Exceptions.php')
 2 SYSTEMPATH\Autoloader\Autoloader.php(296): CodeIgniter\Autoloader\Autoloader->includeFile('C:\\xampp\\htdocs\\INM_Audio\\app\\Models\\Gear_Product_Model.php')
 3 SYSTEMPATH\Autoloader\Autoloader.php(272): CodeIgniter\Autoloader\Autoloader->loadInNamespace('App\\Models\\Gear_Product_Model')
 4 APPPATH\Controllers\Helpers\LoadersController.php(135): CodeIgniter\Autoloader\Autoloader->loadClass('App\\Models\\Gear_Product_Model')
 5 APPPATH\Controllers\Helpers\LoadersController.php(59): App\Controllers\Helpers\LoadersController->loadGears()
 6 APPPATH\Controllers\HomeController.php(24): App\Controllers\Helpers\LoadersController->requireMethod('gears')
 7 APPPATH\Controllers\HomeController.php(17): App\Controllers\HomeController->renderView('homepage', false)
 8 APPPATH\Controllers\HomeController.php(48): App\Controllers\HomeController->checkSessionThenRedirect('homepage')
 9 SYSTEMPATH\CodeIgniter.php(933): App\Controllers\HomeController->home()
10 SYSTEMPATH\CodeIgniter.php(509): CodeIgniter\CodeIgniter->runController(Object(App\Controllers\HomeController))
11 SYSTEMPATH\CodeIgniter.php(355): CodeIgniter\CodeIgniter->handleRequest(null, Object(Config\Cache), false)
12 SYSTEMPATH\Boot.php(325): CodeIgniter\CodeIgniter->run()
13 SYSTEMPATH\Boot.php(67): CodeIgniter\Boot::runCodeIgniter(Object(CodeIgniter\CodeIgniter))
14 FCPATH\index.php(56): CodeIgniter\Boot::bootWeb(Object(Config\Paths))
INFO - 2024-11-12 16:56:33 --> Session: Class initialized using 'CodeIgniter\Session\Handlers\FileHandler' driver.
WARNING - 2024-11-12 16:56:33 --> [DEPRECATED] Optional parameter $field declared before required parameter $toRemove is implicitly treated as a required parameter in APPPATH\Models\Gear_Product_Model.php on line 57.
 1 SYSTEMPATH\Autoloader\Autoloader.php(317): include_once('C:\\xampp\\htdocs\\INM_Audio\\system\\Debug\\Exceptions.php')
 2 SYSTEMPATH\Autoloader\Autoloader.php(296): CodeIgniter\Autoloader\Autoloader->includeFile('C:\\xampp\\htdocs\\INM_Audio\\app\\Models\\Gear_Product_Model.php')
 3 SYSTEMPATH\Autoloader\Autoloader.php(272): CodeIgniter\Autoloader\Autoloader->loadInNamespace('App\\Models\\Gear_Product_Model')
 4 APPPATH\Controllers\Helpers\LoadersController.php(135): CodeIgniter\Autoloader\Autoloader->loadClass('App\\Models\\Gear_Product_Model')
 5 APPPATH\Controllers\Helpers\LoadersController.php(59): App\Controllers\Helpers\LoadersController->loadGears()
 6 APPPATH\Controllers\HomeController.php(24): App\Controllers\Helpers\LoadersController->requireMethod('gears')
 7 APPPATH\Controllers\HomeController.php(17): App\Controllers\HomeController->renderView('homepage', false)
 8 APPPATH\Controllers\HomeController.php(48): App\Controllers\HomeController->checkSessionThenRedirect('homepage')
 9 SYSTEMPATH\CodeIgniter.php(933): App\Controllers\HomeController->home()
10 SYSTEMPATH\CodeIgniter.php(509): CodeIgniter\CodeIgniter->runController(Object(App\Controllers\HomeController))
11 SYSTEMPATH\CodeIgniter.php(355): CodeIgniter\CodeIgniter->handleRequest(null, Object(Config\Cache), false)
12 SYSTEMPATH\Boot.php(325): CodeIgniter\CodeIgniter->run()
13 SYSTEMPATH\Boot.php(67): CodeIgniter\Boot::runCodeIgniter(Object(CodeIgniter\CodeIgniter))
14 FCPATH\index.php(56): CodeIgniter\Boot::bootWeb(Object(Config\Paths))
INFO - 2024-11-12 16:56:33 --> Session: Class initialized using 'CodeIgniter\Session\Handlers\FileHandler' driver.
WARNING - 2024-11-12 16:56:33 --> [DEPRECATED] Optional parameter $field declared before required parameter $toRemove is implicitly treated as a required parameter in APPPATH\Models\Gear_Product_Model.php on line 57.
 1 SYSTEMPATH\Autoloader\Autoloader.php(317): include_once('C:\\xampp\\htdocs\\INM_Audio\\system\\Debug\\Exceptions.php')
 2 SYSTEMPATH\Autoloader\Autoloader.php(296): CodeIgniter\Autoloader\Autoloader->includeFile('C:\\xampp\\htdocs\\INM_Audio\\app\\Models\\Gear_Product_Model.php')
 3 SYSTEMPATH\Autoloader\Autoloader.php(272): CodeIgniter\Autoloader\Autoloader->loadInNamespace('App\\Models\\Gear_Product_Model')
 4 APPPATH\Controllers\Helpers\LoadersController.php(135): CodeIgniter\Autoloader\Autoloader->loadClass('App\\Models\\Gear_Product_Model')
 5 APPPATH\Controllers\Helpers\LoadersController.php(59): App\Controllers\Helpers\LoadersController->loadGears()
 6 APPPATH\Controllers\HomeController.php(24): App\Controllers\Helpers\LoadersController->requireMethod('gears')
 7 APPPATH\Controllers\HomeController.php(17): App\Controllers\HomeController->renderView('homepage', false)
 8 APPPATH\Controllers\HomeController.php(48): App\Controllers\HomeController->checkSessionThenRedirect('homepage')
 9 SYSTEMPATH\CodeIgniter.php(933): App\Controllers\HomeController->home()
10 SYSTEMPATH\CodeIgniter.php(509): CodeIgniter\CodeIgniter->runController(Object(App\Controllers\HomeController))
11 SYSTEMPATH\CodeIgniter.php(355): CodeIgniter\CodeIgniter->handleRequest(null, Object(Config\Cache), false)
12 SYSTEMPATH\Boot.php(325): CodeIgniter\CodeIgniter->run()
13 SYSTEMPATH\Boot.php(67): CodeIgniter\Boot::runCodeIgniter(Object(CodeIgniter\CodeIgniter))
14 FCPATH\index.php(56): CodeIgniter\Boot::bootWeb(Object(Config\Paths))
INFO - 2024-11-12 16:56:37 --> Session: Class initialized using 'CodeIgniter\Session\Handlers\FileHandler' driver.
WARNING - 2024-11-12 16:56:37 --> [DEPRECATED] Optional parameter $field declared before required parameter $toRemove is implicitly treated as a required parameter in APPPATH\Models\Gear_Product_Model.php on line 57.
 1 SYSTEMPATH\Autoloader\Autoloader.php(317): include_once('C:\\xampp\\htdocs\\INM_Audio\\system\\Debug\\Exceptions.php')
 2 SYSTEMPATH\Autoloader\Autoloader.php(296): CodeIgniter\Autoloader\Autoloader->includeFile('C:\\xampp\\htdocs\\INM_Audio\\app\\Models\\Gear_Product_Model.php')
 3 SYSTEMPATH\Autoloader\Autoloader.php(272): CodeIgniter\Autoloader\Autoloader->loadInNamespace('App\\Models\\Gear_Product_Model')
 4 APPPATH\Controllers\Helpers\LoadersController.php(135): CodeIgniter\Autoloader\Autoloader->loadClass('App\\Models\\Gear_Product_Model')
 5 APPPATH\Controllers\Helpers\LoadersController.php(59): App\Controllers\Helpers\LoadersController->loadGears()
 6 APPPATH\Controllers\HomeController.php(24): App\Controllers\Helpers\LoadersController->requireMethod('gears')
 7 APPPATH\Controllers\HomeController.php(17): App\Controllers\HomeController->renderView('homepage', false)
 8 APPPATH\Controllers\HomeController.php(48): App\Controllers\HomeController->checkSessionThenRedirect('homepage')
 9 SYSTEMPATH\CodeIgniter.php(933): App\Controllers\HomeController->home()
10 SYSTEMPATH\CodeIgniter.php(509): CodeIgniter\CodeIgniter->runController(Object(App\Controllers\HomeController))
11 SYSTEMPATH\CodeIgniter.php(355): CodeIgniter\CodeIgniter->handleRequest(null, Object(Config\Cache), false)
12 SYSTEMPATH\Boot.php(325): CodeIgniter\CodeIgniter->run()
13 SYSTEMPATH\Boot.php(67): CodeIgniter\Boot::runCodeIgniter(Object(CodeIgniter\CodeIgniter))
14 FCPATH\index.php(56): CodeIgniter\Boot::bootWeb(Object(Config\Paths))
INFO - 2024-11-12 16:57:27 --> Session: Class initialized using 'CodeIgniter\Session\Handlers\FileHandler' driver.
WARNING - 2024-11-12 16:57:27 --> [DEPRECATED] Optional parameter $field declared before required parameter $toRemove is implicitly treated as a required parameter in APPPATH\Models\Gear_Product_Model.php on line 57.
 1 SYSTEMPATH\Autoloader\Autoloader.php(317): include_once('C:\\xampp\\htdocs\\INM_Audio\\system\\Debug\\Exceptions.php')
 2 SYSTEMPATH\Autoloader\Autoloader.php(296): CodeIgniter\Autoloader\Autoloader->includeFile('C:\\xampp\\htdocs\\INM_Audio\\app\\Models\\Gear_Product_Model.php')
 3 SYSTEMPATH\Autoloader\Autoloader.php(272): CodeIgniter\Autoloader\Autoloader->loadInNamespace('App\\Models\\Gear_Product_Model')
 4 APPPATH\Controllers\Helpers\LoadersController.php(135): CodeIgniter\Autoloader\Autoloader->loadClass('App\\Models\\Gear_Product_Model')
 5 APPPATH\Controllers\Helpers\LoadersController.php(59): App\Controllers\Helpers\LoadersController->loadGears()
 6 APPPATH\Controllers\HomeController.php(24): App\Controllers\Helpers\LoadersController->requireMethod('gears')
 7 APPPATH\Controllers\HomeController.php(17): App\Controllers\HomeController->renderView('homepage', false)
 8 APPPATH\Controllers\HomeController.php(48): App\Controllers\HomeController->checkSessionThenRedirect('homepage')
 9 SYSTEMPATH\CodeIgniter.php(933): App\Controllers\HomeController->home()
10 SYSTEMPATH\CodeIgniter.php(509): CodeIgniter\CodeIgniter->runController(Object(App\Controllers\HomeController))
11 SYSTEMPATH\CodeIgniter.php(355): CodeIgniter\CodeIgniter->handleRequest(null, Object(Config\Cache), false)
12 SYSTEMPATH\Boot.php(325): CodeIgniter\CodeIgniter->run()
13 SYSTEMPATH\Boot.php(67): CodeIgniter\Boot::runCodeIgniter(Object(CodeIgniter\CodeIgniter))
14 FCPATH\index.php(56): CodeIgniter\Boot::bootWeb(Object(Config\Paths))
INFO - 2024-11-12 16:57:27 --> Session: Class initialized using 'CodeIgniter\Session\Handlers\FileHandler' driver.
WARNING - 2024-11-12 16:57:27 --> [DEPRECATED] Optional parameter $field declared before required parameter $toRemove is implicitly treated as a required parameter in APPPATH\Models\Gear_Product_Model.php on line 57.
 1 SYSTEMPATH\Autoloader\Autoloader.php(317): include_once('C:\\xampp\\htdocs\\INM_Audio\\system\\Debug\\Exceptions.php')
 2 SYSTEMPATH\Autoloader\Autoloader.php(296): CodeIgniter\Autoloader\Autoloader->includeFile('C:\\xampp\\htdocs\\INM_Audio\\app\\Models\\Gear_Product_Model.php')
 3 SYSTEMPATH\Autoloader\Autoloader.php(272): CodeIgniter\Autoloader\Autoloader->loadInNamespace('App\\Models\\Gear_Product_Model')
 4 APPPATH\Controllers\Helpers\LoadersController.php(135): CodeIgniter\Autoloader\Autoloader->loadClass('App\\Models\\Gear_Product_Model')
 5 APPPATH\Controllers\Helpers\LoadersController.php(59): App\Controllers\Helpers\LoadersController->loadGears()
 6 APPPATH\Controllers\HomeController.php(24): App\Controllers\Helpers\LoadersController->requireMethod('gears')
 7 APPPATH\Controllers\HomeController.php(17): App\Controllers\HomeController->renderView('homepage', false)
 8 APPPATH\Controllers\HomeController.php(48): App\Controllers\HomeController->checkSessionThenRedirect('homepage')
 9 SYSTEMPATH\CodeIgniter.php(933): App\Controllers\HomeController->home()
10 SYSTEMPATH\CodeIgniter.php(509): CodeIgniter\CodeIgniter->runController(Object(App\Controllers\HomeController))
11 SYSTEMPATH\CodeIgniter.php(355): CodeIgniter\CodeIgniter->handleRequest(null, Object(Config\Cache), false)
12 SYSTEMPATH\Boot.php(325): CodeIgniter\CodeIgniter->run()
13 SYSTEMPATH\Boot.php(67): CodeIgniter\Boot::runCodeIgniter(Object(CodeIgniter\CodeIgniter))
14 FCPATH\index.php(56): CodeIgniter\Boot::bootWeb(Object(Config\Paths))
INFO - 2024-11-12 16:57:29 --> Session: Class initialized using 'CodeIgniter\Session\Handlers\FileHandler' driver.
WARNING - 2024-11-12 16:57:29 --> [DEPRECATED] Optional parameter $field declared before required parameter $toRemove is implicitly treated as a required parameter in APPPATH\Models\Gear_Product_Model.php on line 57.
 1 SYSTEMPATH\Autoloader\Autoloader.php(317): include_once('C:\\xampp\\htdocs\\INM_Audio\\system\\Debug\\Exceptions.php')
 2 SYSTEMPATH\Autoloader\Autoloader.php(296): CodeIgniter\Autoloader\Autoloader->includeFile('C:\\xampp\\htdocs\\INM_Audio\\app\\Models\\Gear_Product_Model.php')
 3 SYSTEMPATH\Autoloader\Autoloader.php(272): CodeIgniter\Autoloader\Autoloader->loadInNamespace('App\\Models\\Gear_Product_Model')
 4 APPPATH\Controllers\Helpers\LoadersController.php(135): CodeIgniter\Autoloader\Autoloader->loadClass('App\\Models\\Gear_Product_Model')
 5 APPPATH\Controllers\Helpers\LoadersController.php(59): App\Controllers\Helpers\LoadersController->loadGears()
 6 APPPATH\Controllers\HomeController.php(24): App\Controllers\Helpers\LoadersController->requireMethod('gears')
 7 APPPATH\Controllers\HomeController.php(17): App\Controllers\HomeController->renderView('homepage', false)
 8 APPPATH\Controllers\HomeController.php(48): App\Controllers\HomeController->checkSessionThenRedirect('homepage')
 9 SYSTEMPATH\CodeIgniter.php(933): App\Controllers\HomeController->home()
10 SYSTEMPATH\CodeIgniter.php(509): CodeIgniter\CodeIgniter->runController(Object(App\Controllers\HomeController))
11 SYSTEMPATH\CodeIgniter.php(355): CodeIgniter\CodeIgniter->handleRequest(null, Object(Config\Cache), false)
12 SYSTEMPATH\Boot.php(325): CodeIgniter\CodeIgniter->run()
13 SYSTEMPATH\Boot.php(67): CodeIgniter\Boot::runCodeIgniter(Object(CodeIgniter\CodeIgniter))
14 FCPATH\index.php(56): CodeIgniter\Boot::bootWeb(Object(Config\Paths))
INFO - 2024-11-12 16:57:29 --> Session: Class initialized using 'CodeIgniter\Session\Handlers\FileHandler' driver.
WARNING - 2024-11-12 16:57:29 --> [DEPRECATED] Optional parameter $field declared before required parameter $toRemove is implicitly treated as a required parameter in APPPATH\Models\Gear_Product_Model.php on line 57.
 1 SYSTEMPATH\Autoloader\Autoloader.php(317): include_once('C:\\xampp\\htdocs\\INM_Audio\\system\\Debug\\Exceptions.php')
 2 SYSTEMPATH\Autoloader\Autoloader.php(296): CodeIgniter\Autoloader\Autoloader->includeFile('C:\\xampp\\htdocs\\INM_Audio\\app\\Models\\Gear_Product_Model.php')
 3 SYSTEMPATH\Autoloader\Autoloader.php(272): CodeIgniter\Autoloader\Autoloader->loadInNamespace('App\\Models\\Gear_Product_Model')
 4 APPPATH\Controllers\Helpers\LoadersController.php(135): CodeIgniter\Autoloader\Autoloader->loadClass('App\\Models\\Gear_Product_Model')
 5 APPPATH\Controllers\Helpers\LoadersController.php(59): App\Controllers\Helpers\LoadersController->loadGears()
 6 APPPATH\Controllers\HomeController.php(24): App\Controllers\Helpers\LoadersController->requireMethod('gears')
 7 APPPATH\Controllers\HomeController.php(17): App\Controllers\HomeController->renderView('homepage', false)
 8 APPPATH\Controllers\HomeController.php(48): App\Controllers\HomeController->checkSessionThenRedirect('homepage')
 9 SYSTEMPATH\CodeIgniter.php(933): App\Controllers\HomeController->home()
10 SYSTEMPATH\CodeIgniter.php(509): CodeIgniter\CodeIgniter->runController(Object(App\Controllers\HomeController))
11 SYSTEMPATH\CodeIgniter.php(355): CodeIgniter\CodeIgniter->handleRequest(null, Object(Config\Cache), false)
12 SYSTEMPATH\Boot.php(325): CodeIgniter\CodeIgniter->run()
13 SYSTEMPATH\Boot.php(67): CodeIgniter\Boot::runCodeIgniter(Object(CodeIgniter\CodeIgniter))
14 FCPATH\index.php(56): CodeIgniter\Boot::bootWeb(Object(Config\Paths))
INFO - 2024-11-12 16:57:31 --> Session: Class initialized using 'CodeIgniter\Session\Handlers\FileHandler' driver.
WARNING - 2024-11-12 16:57:31 --> [DEPRECATED] Optional parameter $field declared before required parameter $toRemove is implicitly treated as a required parameter in APPPATH\Models\Gear_Product_Model.php on line 57.
 1 SYSTEMPATH\Autoloader\Autoloader.php(317): include_once('C:\\xampp\\htdocs\\INM_Audio\\system\\Debug\\Exceptions.php')
 2 SYSTEMPATH\Autoloader\Autoloader.php(296): CodeIgniter\Autoloader\Autoloader->includeFile('C:\\xampp\\htdocs\\INM_Audio\\app\\Models\\Gear_Product_Model.php')
 3 SYSTEMPATH\Autoloader\Autoloader.php(272): CodeIgniter\Autoloader\Autoloader->loadInNamespace('App\\Models\\Gear_Product_Model')
 4 APPPATH\Controllers\Helpers\LoadersController.php(135): CodeIgniter\Autoloader\Autoloader->loadClass('App\\Models\\Gear_Product_Model')
 5 APPPATH\Controllers\Helpers\LoadersController.php(59): App\Controllers\Helpers\LoadersController->loadGears()
 6 APPPATH\Controllers\HomeController.php(24): App\Controllers\Helpers\LoadersController->requireMethod('gears')
 7 APPPATH\Controllers\HomeController.php(17): App\Controllers\HomeController->renderView('homepage', false)
 8 APPPATH\Controllers\HomeController.php(48): App\Controllers\HomeController->checkSessionThenRedirect('homepage')
 9 SYSTEMPATH\CodeIgniter.php(933): App\Controllers\HomeController->home()
10 SYSTEMPATH\CodeIgniter.php(509): CodeIgniter\CodeIgniter->runController(Object(App\Controllers\HomeController))
11 SYSTEMPATH\CodeIgniter.php(355): CodeIgniter\CodeIgniter->handleRequest(null, Object(Config\Cache), false)
12 SYSTEMPATH\Boot.php(325): CodeIgniter\CodeIgniter->run()
13 SYSTEMPATH\Boot.php(67): CodeIgniter\Boot::runCodeIgniter(Object(CodeIgniter\CodeIgniter))
14 FCPATH\index.php(56): CodeIgniter\Boot::bootWeb(Object(Config\Paths))
INFO - 2024-11-12 16:57:32 --> Session: Class initialized using 'CodeIgniter\Session\Handlers\FileHandler' driver.
WARNING - 2024-11-12 16:57:32 --> [DEPRECATED] Optional parameter $field declared before required parameter $toRemove is implicitly treated as a required parameter in APPPATH\Models\Gear_Product_Model.php on line 57.
 1 SYSTEMPATH\Autoloader\Autoloader.php(317): include_once('C:\\xampp\\htdocs\\INM_Audio\\system\\Debug\\Exceptions.php')
 2 SYSTEMPATH\Autoloader\Autoloader.php(296): CodeIgniter\Autoloader\Autoloader->includeFile('C:\\xampp\\htdocs\\INM_Audio\\app\\Models\\Gear_Product_Model.php')
 3 SYSTEMPATH\Autoloader\Autoloader.php(272): CodeIgniter\Autoloader\Autoloader->loadInNamespace('App\\Models\\Gear_Product_Model')
 4 APPPATH\Controllers\Helpers\LoadersController.php(135): CodeIgniter\Autoloader\Autoloader->loadClass('App\\Models\\Gear_Product_Model')
 5 APPPATH\Controllers\Helpers\LoadersController.php(59): App\Controllers\Helpers\LoadersController->loadGears()
 6 APPPATH\Controllers\HomeController.php(24): App\Controllers\Helpers\LoadersController->requireMethod('gears')
 7 APPPATH\Controllers\HomeController.php(17): App\Controllers\HomeController->renderView('homepage', false)
 8 APPPATH\Controllers\HomeController.php(48): App\Controllers\HomeController->checkSessionThenRedirect('homepage')
 9 SYSTEMPATH\CodeIgniter.php(933): App\Controllers\HomeController->home()
10 SYSTEMPATH\CodeIgniter.php(509): CodeIgniter\CodeIgniter->runController(Object(App\Controllers\HomeController))
11 SYSTEMPATH\CodeIgniter.php(355): CodeIgniter\CodeIgniter->handleRequest(null, Object(Config\Cache), false)
12 SYSTEMPATH\Boot.php(325): CodeIgniter\CodeIgniter->run()
13 SYSTEMPATH\Boot.php(67): CodeIgniter\Boot::runCodeIgniter(Object(CodeIgniter\CodeIgniter))
14 FCPATH\index.php(56): CodeIgniter\Boot::bootWeb(Object(Config\Paths))
INFO - 2024-11-12 16:57:32 --> Session: Class initialized using 'CodeIgniter\Session\Handlers\FileHandler' driver.
WARNING - 2024-11-12 16:57:32 --> [DEPRECATED] Optional parameter $field declared before required parameter $toRemove is implicitly treated as a required parameter in APPPATH\Models\Gear_Product_Model.php on line 57.
 1 SYSTEMPATH\Autoloader\Autoloader.php(317): include_once('C:\\xampp\\htdocs\\INM_Audio\\system\\Debug\\Exceptions.php')
 2 SYSTEMPATH\Autoloader\Autoloader.php(296): CodeIgniter\Autoloader\Autoloader->includeFile('C:\\xampp\\htdocs\\INM_Audio\\app\\Models\\Gear_Product_Model.php')
 3 SYSTEMPATH\Autoloader\Autoloader.php(272): CodeIgniter\Autoloader\Autoloader->loadInNamespace('App\\Models\\Gear_Product_Model')
 4 APPPATH\Controllers\Helpers\LoadersController.php(135): CodeIgniter\Autoloader\Autoloader->loadClass('App\\Models\\Gear_Product_Model')
 5 APPPATH\Controllers\Helpers\LoadersController.php(59): App\Controllers\Helpers\LoadersController->loadGears()
 6 APPPATH\Controllers\HomeController.php(24): App\Controllers\Helpers\LoadersController->requireMethod('gears')
 7 APPPATH\Controllers\HomeController.php(17): App\Controllers\HomeController->renderView('homepage', false)
 8 APPPATH\Controllers\HomeController.php(48): App\Controllers\HomeController->checkSessionThenRedirect('homepage')
 9 SYSTEMPATH\CodeIgniter.php(933): App\Controllers\HomeController->home()
10 SYSTEMPATH\CodeIgniter.php(509): CodeIgniter\CodeIgniter->runController(Object(App\Controllers\HomeController))
11 SYSTEMPATH\CodeIgniter.php(355): CodeIgniter\CodeIgniter->handleRequest(null, Object(Config\Cache), false)
12 SYSTEMPATH\Boot.php(325): CodeIgniter\CodeIgniter->run()
13 SYSTEMPATH\Boot.php(67): CodeIgniter\Boot::runCodeIgniter(Object(CodeIgniter\CodeIgniter))
14 FCPATH\index.php(56): CodeIgniter\Boot::bootWeb(Object(Config\Paths))
INFO - 2024-11-12 16:57:32 --> Session: Class initialized using 'CodeIgniter\Session\Handlers\FileHandler' driver.
WARNING - 2024-11-12 16:57:32 --> [DEPRECATED] Optional parameter $field declared before required parameter $toRemove is implicitly treated as a required parameter in APPPATH\Models\Gear_Product_Model.php on line 57.
 1 SYSTEMPATH\Autoloader\Autoloader.php(317): include_once('C:\\xampp\\htdocs\\INM_Audio\\system\\Debug\\Exceptions.php')
 2 SYSTEMPATH\Autoloader\Autoloader.php(296): CodeIgniter\Autoloader\Autoloader->includeFile('C:\\xampp\\htdocs\\INM_Audio\\app\\Models\\Gear_Product_Model.php')
 3 SYSTEMPATH\Autoloader\Autoloader.php(272): CodeIgniter\Autoloader\Autoloader->loadInNamespace('App\\Models\\Gear_Product_Model')
 4 APPPATH\Controllers\Helpers\LoadersController.php(135): CodeIgniter\Autoloader\Autoloader->loadClass('App\\Models\\Gear_Product_Model')
 5 APPPATH\Controllers\Helpers\LoadersController.php(59): App\Controllers\Helpers\LoadersController->loadGears()
 6 APPPATH\Controllers\HomeController.php(24): App\Controllers\Helpers\LoadersController->requireMethod('gears')
 7 APPPATH\Controllers\HomeController.php(17): App\Controllers\HomeController->renderView('homepage', false)
 8 APPPATH\Controllers\HomeController.php(48): App\Controllers\HomeController->checkSessionThenRedirect('homepage')
 9 SYSTEMPATH\CodeIgniter.php(933): App\Controllers\HomeController->home()
10 SYSTEMPATH\CodeIgniter.php(509): CodeIgniter\CodeIgniter->runController(Object(App\Controllers\HomeController))
11 SYSTEMPATH\CodeIgniter.php(355): CodeIgniter\CodeIgniter->handleRequest(null, Object(Config\Cache), false)
12 SYSTEMPATH\Boot.php(325): CodeIgniter\CodeIgniter->run()
13 SYSTEMPATH\Boot.php(67): CodeIgniter\Boot::runCodeIgniter(Object(CodeIgniter\CodeIgniter))
14 FCPATH\index.php(56): CodeIgniter\Boot::bootWeb(Object(Config\Paths))
INFO - 2024-11-12 17:00:08 --> Session: Class initialized using 'CodeIgniter\Session\Handlers\FileHandler' driver.
WARNING - 2024-11-12 17:00:08 --> [DEPRECATED] Optional parameter $field declared before required parameter $toRemove is implicitly treated as a required parameter in APPPATH\Models\Gear_Product_Model.php on line 57.
 1 SYSTEMPATH\Autoloader\Autoloader.php(317): include_once('C:\\xampp\\htdocs\\INM_Audio\\system\\Debug\\Exceptions.php')
 2 SYSTEMPATH\Autoloader\Autoloader.php(296): CodeIgniter\Autoloader\Autoloader->includeFile('C:\\xampp\\htdocs\\INM_Audio\\app\\Models\\Gear_Product_Model.php')
 3 SYSTEMPATH\Autoloader\Autoloader.php(272): CodeIgniter\Autoloader\Autoloader->loadInNamespace('App\\Models\\Gear_Product_Model')
 4 APPPATH\Controllers\Helpers\LoadersController.php(135): CodeIgniter\Autoloader\Autoloader->loadClass('App\\Models\\Gear_Product_Model')
 5 APPPATH\Controllers\Helpers\LoadersController.php(59): App\Controllers\Helpers\LoadersController->loadGears()
 6 APPPATH\Controllers\HomeController.php(24): App\Controllers\Helpers\LoadersController->requireMethod('gears')
 7 APPPATH\Controllers\HomeController.php(17): App\Controllers\HomeController->renderView('homepage', false)
 8 APPPATH\Controllers\HomeController.php(48): App\Controllers\HomeController->checkSessionThenRedirect('homepage')
 9 SYSTEMPATH\CodeIgniter.php(933): App\Controllers\HomeController->home()
10 SYSTEMPATH\CodeIgniter.php(509): CodeIgniter\CodeIgniter->runController(Object(App\Controllers\HomeController))
11 SYSTEMPATH\CodeIgniter.php(355): CodeIgniter\CodeIgniter->handleRequest(null, Object(Config\Cache), false)
12 SYSTEMPATH\Boot.php(325): CodeIgniter\CodeIgniter->run()
13 SYSTEMPATH\Boot.php(67): CodeIgniter\Boot::runCodeIgniter(Object(CodeIgniter\CodeIgniter))
14 FCPATH\index.php(56): CodeIgniter\Boot::bootWeb(Object(Config\Paths))
INFO - 2024-11-12 17:03:47 --> Session: Class initialized using 'CodeIgniter\Session\Handlers\FileHandler' driver.
WARNING - 2024-11-12 17:03:47 --> [DEPRECATED] Optional parameter $field declared before required parameter $toRemove is implicitly treated as a required parameter in APPPATH\Models\Gear_Product_Model.php on line 57.
 1 SYSTEMPATH\Autoloader\Autoloader.php(317): include_once('C:\\xampp\\htdocs\\INM_Audio\\system\\Debug\\Exceptions.php')
 2 SYSTEMPATH\Autoloader\Autoloader.php(296): CodeIgniter\Autoloader\Autoloader->includeFile('C:\\xampp\\htdocs\\INM_Audio\\app\\Models\\Gear_Product_Model.php')
 3 SYSTEMPATH\Autoloader\Autoloader.php(272): CodeIgniter\Autoloader\Autoloader->loadInNamespace('App\\Models\\Gear_Product_Model')
 4 APPPATH\Controllers\Helpers\LoadersController.php(135): CodeIgniter\Autoloader\Autoloader->loadClass('App\\Models\\Gear_Product_Model')
 5 APPPATH\Controllers\Helpers\LoadersController.php(59): App\Controllers\Helpers\LoadersController->loadGears()
 6 APPPATH\Controllers\HomeController.php(24): App\Controllers\Helpers\LoadersController->requireMethod('gears')
 7 APPPATH\Controllers\HomeController.php(17): App\Controllers\HomeController->renderView('homepage', false)
 8 APPPATH\Controllers\HomeController.php(48): App\Controllers\HomeController->checkSessionThenRedirect('homepage')
 9 SYSTEMPATH\CodeIgniter.php(933): App\Controllers\HomeController->home()
10 SYSTEMPATH\CodeIgniter.php(509): CodeIgniter\CodeIgniter->runController(Object(App\Controllers\HomeController))
11 SYSTEMPATH\CodeIgniter.php(355): CodeIgniter\CodeIgniter->handleRequest(null, Object(Config\Cache), false)
12 SYSTEMPATH\Boot.php(325): CodeIgniter\CodeIgniter->run()
13 SYSTEMPATH\Boot.php(67): CodeIgniter\Boot::runCodeIgniter(Object(CodeIgniter\CodeIgniter))
14 FCPATH\index.php(56): CodeIgniter\Boot::bootWeb(Object(Config\Paths))
INFO - 2024-11-12 17:03:50 --> Session: Class initialized using 'CodeIgniter\Session\Handlers\FileHandler' driver.
WARNING - 2024-11-12 17:03:50 --> [DEPRECATED] Optional parameter $field declared before required parameter $toRemove is implicitly treated as a required parameter in APPPATH\Models\Gear_Product_Model.php on line 57.
 1 SYSTEMPATH\Autoloader\Autoloader.php(317): include_once('C:\\xampp\\htdocs\\INM_Audio\\system\\Debug\\Exceptions.php')
 2 SYSTEMPATH\Autoloader\Autoloader.php(296): CodeIgniter\Autoloader\Autoloader->includeFile('C:\\xampp\\htdocs\\INM_Audio\\app\\Models\\Gear_Product_Model.php')
 3 SYSTEMPATH\Autoloader\Autoloader.php(272): CodeIgniter\Autoloader\Autoloader->loadInNamespace('App\\Models\\Gear_Product_Model')
 4 APPPATH\Controllers\Helpers\LoadersController.php(135): CodeIgniter\Autoloader\Autoloader->loadClass('App\\Models\\Gear_Product_Model')
 5 APPPATH\Controllers\Helpers\LoadersController.php(59): App\Controllers\Helpers\LoadersController->loadGears()
 6 APPPATH\Controllers\HomeController.php(24): App\Controllers\Helpers\LoadersController->requireMethod('gears')
 7 APPPATH\Controllers\HomeController.php(17): App\Controllers\HomeController->renderView('homepage', false)
 8 APPPATH\Controllers\HomeController.php(48): App\Controllers\HomeController->checkSessionThenRedirect('homepage')
 9 SYSTEMPATH\CodeIgniter.php(933): App\Controllers\HomeController->home()
10 SYSTEMPATH\CodeIgniter.php(509): CodeIgniter\CodeIgniter->runController(Object(App\Controllers\HomeController))
11 SYSTEMPATH\CodeIgniter.php(355): CodeIgniter\CodeIgniter->handleRequest(null, Object(Config\Cache), false)
12 SYSTEMPATH\Boot.php(325): CodeIgniter\CodeIgniter->run()
13 SYSTEMPATH\Boot.php(67): CodeIgniter\Boot::runCodeIgniter(Object(CodeIgniter\CodeIgniter))
14 FCPATH\index.php(56): CodeIgniter\Boot::bootWeb(Object(Config\Paths))
INFO - 2024-11-12 17:14:24 --> Session: Class initialized using 'CodeIgniter\Session\Handlers\FileHandler' driver.
WARNING - 2024-11-12 17:14:24 --> [DEPRECATED] Optional parameter $field declared before required parameter $toRemove is implicitly treated as a required parameter in APPPATH\Models\Gear_Product_Model.php on line 57.
 1 SYSTEMPATH\Autoloader\Autoloader.php(317): include_once('C:\\xampp\\htdocs\\INM_Audio\\system\\Debug\\Exceptions.php')
 2 SYSTEMPATH\Autoloader\Autoloader.php(296): CodeIgniter\Autoloader\Autoloader->includeFile('C:\\xampp\\htdocs\\INM_Audio\\app\\Models\\Gear_Product_Model.php')
 3 SYSTEMPATH\Autoloader\Autoloader.php(272): CodeIgniter\Autoloader\Autoloader->loadInNamespace('App\\Models\\Gear_Product_Model')
 4 APPPATH\Controllers\Helpers\LoadersController.php(135): CodeIgniter\Autoloader\Autoloader->loadClass('App\\Models\\Gear_Product_Model')
 5 APPPATH\Controllers\Helpers\LoadersController.php(59): App\Controllers\Helpers\LoadersController->loadGears()
 6 APPPATH\Controllers\HomeController.php(24): App\Controllers\Helpers\LoadersController->requireMethod('gears')
 7 APPPATH\Controllers\HomeController.php(17): App\Controllers\HomeController->renderView('homepage', false)
 8 APPPATH\Controllers\HomeController.php(48): App\Controllers\HomeController->checkSessionThenRedirect('homepage')
 9 SYSTEMPATH\CodeIgniter.php(933): App\Controllers\HomeController->home()
10 SYSTEMPATH\CodeIgniter.php(509): CodeIgniter\CodeIgniter->runController(Object(App\Controllers\HomeController))
11 SYSTEMPATH\CodeIgniter.php(355): CodeIgniter\CodeIgniter->handleRequest(null, Object(Config\Cache), false)
12 SYSTEMPATH\Boot.php(325): CodeIgniter\CodeIgniter->run()
13 SYSTEMPATH\Boot.php(67): CodeIgniter\Boot::runCodeIgniter(Object(CodeIgniter\CodeIgniter))
14 FCPATH\index.php(56): CodeIgniter\Boot::bootWeb(Object(Config\Paths))
